
[2026-02-13 01:49:07] 未处理异常(ThreadException)
System.Management.Automation.RuntimeException: 方法调用失败，因为 [System.Object[]] 不包含名为“op_Subtraction”的方法。
   在 System.Management.Automation.ExceptionHandlingOps.CheckActionPreference(FunctionContext funcContext, Exception exception)
   在 System.Management.Automation.Interpreter.ActionCallInstruction`2.Run(InterpretedFrame frame)
   在 System.Management.Automation.Interpreter.EnterTryCatchFinallyInstruction.Run(InterpretedFrame frame)
   在 System.Management.Automation.Interpreter.EnterTryCatchFinallyInstruction.Run(InterpretedFrame frame)
   在 System.Management.Automation.Interpreter.Interpreter.Run(InterpretedFrame frame)
   在 System.Management.Automation.Interpreter.LightLambda.RunVoid1[T0](T0 arg0)
   在 System.Management.Automation.ScriptBlock.InvokeWithPipeImpl(ScriptBlockClauseToInvoke clauseToInvoke, Boolean createLocalScope, Dictionary`2 functionsToDefine, List`1 variablesToDefine, ErrorHandlingBehavior errorHandlingBehavior, Object dollarUnder, Object input, Object scriptThis, Pipe outputPipe, InvocationInfo invocationInfo, Object[] args)
   在 System.Management.Automation.ScriptBlock.<>c__DisplayClass57_0.<InvokeWithPipe>b__0()
   在 System.Management.Automation.Runspaces.RunspaceBase.RunActionIfNoRunningPipelinesWithThreadCheck(Action action)
   在 System.Management.Automation.ScriptBlock.InvokeWithPipe(Boolean useLocalScope, ErrorHandlingBehavior errorHandlingBehavior, Object dollarUnder, Object input, Object scriptThis, Pipe outputPipe, InvocationInfo invocationInfo, Boolean propagateAllExceptionsToTop, List`1 variablesToDefine, Dictionary`2 functionsToDefine, Object[] args)
   在 System.Management.Automation.ScriptBlock.InvokeAsDelegateHelper(Object dollarUnder, Object dollarThis, Object[] args)
   在 System.Windows.Forms.Control.OnMouseEnter(EventArgs e)
   在 System.Windows.Forms.ButtonBase.OnMouseEnter(EventArgs eventargs)
   在 System.Windows.Forms.Control.WndProc(Message& m)
   在 System.Windows.Forms.ButtonBase.WndProc(Message& m)
   在 System.Windows.Forms.Button.WndProc(Message& m)
   在 System.Windows.Forms.NativeWindow.Callback(IntPtr hWnd, Int32 msg, IntPtr wparam, IntPtr lparam)

[2026-02-13 01:49:12] 未处理异常(ThreadException)
System.Management.Automation.RuntimeException: 方法调用失败，因为 [System.Object[]] 不包含名为“op_Subtraction”的方法。
   在 System.Management.Automation.ExceptionHandlingOps.CheckActionPreference(FunctionContext funcContext, Exception exception)
   在 System.Management.Automation.Interpreter.ActionCallInstruction`2.Run(InterpretedFrame frame)
   在 System.Management.Automation.Interpreter.EnterTryCatchFinallyInstruction.Run(InterpretedFrame frame)
   在 System.Management.Automation.Interpreter.EnterTryCatchFinallyInstruction.Run(InterpretedFrame frame)
   在 System.Management.Automation.Interpreter.Interpreter.Run(InterpretedFrame frame)
   在 System.Management.Automation.Interpreter.LightLambda.RunVoid1[T0](T0 arg0)
   在 System.Management.Automation.ScriptBlock.InvokeWithPipeImpl(ScriptBlockClauseToInvoke clauseToInvoke, Boolean createLocalScope, Dictionary`2 functionsToDefine, List`1 variablesToDefine, ErrorHandlingBehavior errorHandlingBehavior, Object dollarUnder, Object input, Object scriptThis, Pipe outputPipe, InvocationInfo invocationInfo, Object[] args)
   在 System.Management.Automation.ScriptBlock.<>c__DisplayClass57_0.<InvokeWithPipe>b__0()
   在 System.Management.Automation.Runspaces.RunspaceBase.RunActionIfNoRunningPipelinesWithThreadCheck(Action action)
   在 System.Management.Automation.ScriptBlock.InvokeWithPipe(Boolean useLocalScope, ErrorHandlingBehavior errorHandlingBehavior, Object dollarUnder, Object input, Object scriptThis, Pipe outputPipe, InvocationInfo invocationInfo, Boolean propagateAllExceptionsToTop, List`1 variablesToDefine, Dictionary`2 functionsToDefine, Object[] args)
   在 System.Management.Automation.ScriptBlock.InvokeAsDelegateHelper(Object dollarUnder, Object dollarThis, Object[] args)
   在 System.Windows.Forms.Control.OnMouseEnter(EventArgs e)
   在 System.Windows.Forms.ButtonBase.OnMouseEnter(EventArgs eventargs)
   在 System.Windows.Forms.Control.WndProc(Message& m)
   在 System.Windows.Forms.ButtonBase.WndProc(Message& m)
   在 System.Windows.Forms.Button.WndProc(Message& m)
   在 System.Windows.Forms.NativeWindow.Callback(IntPtr hWnd, Int32 msg, IntPtr wparam, IntPtr lparam)

[2026-02-13 01:49:14] 未处理异常(ThreadException)
System.Management.Automation.RuntimeException: 方法调用失败，因为 [System.Object[]] 不包含名为“op_Subtraction”的方法。
   在 System.Management.Automation.ExceptionHandlingOps.CheckActionPreference(FunctionContext funcContext, Exception exception)
   在 System.Management.Automation.Interpreter.ActionCallInstruction`2.Run(InterpretedFrame frame)
   在 System.Management.Automation.Interpreter.EnterTryCatchFinallyInstruction.Run(InterpretedFrame frame)
   在 System.Management.Automation.Interpreter.EnterTryCatchFinallyInstruction.Run(InterpretedFrame frame)
   在 System.Management.Automation.Interpreter.Interpreter.Run(InterpretedFrame frame)
   在 System.Management.Automation.Interpreter.LightLambda.RunVoid1[T0](T0 arg0)
   在 System.Management.Automation.ScriptBlock.InvokeWithPipeImpl(ScriptBlockClauseToInvoke clauseToInvoke, Boolean createLocalScope, Dictionary`2 functionsToDefine, List`1 variablesToDefine, ErrorHandlingBehavior errorHandlingBehavior, Object dollarUnder, Object input, Object scriptThis, Pipe outputPipe, InvocationInfo invocationInfo, Object[] args)
   在 System.Management.Automation.ScriptBlock.<>c__DisplayClass57_0.<InvokeWithPipe>b__0()
   在 System.Management.Automation.Runspaces.RunspaceBase.RunActionIfNoRunningPipelinesWithThreadCheck(Action action)
   在 System.Management.Automation.ScriptBlock.InvokeWithPipe(Boolean useLocalScope, ErrorHandlingBehavior errorHandlingBehavior, Object dollarUnder, Object input, Object scriptThis, Pipe outputPipe, InvocationInfo invocationInfo, Boolean propagateAllExceptionsToTop, List`1 variablesToDefine, Dictionary`2 functionsToDefine, Object[] args)
   在 System.Management.Automation.ScriptBlock.InvokeAsDelegateHelper(Object dollarUnder, Object dollarThis, Object[] args)
   在 System.Windows.Forms.Control.OnMouseEnter(EventArgs e)
   在 System.Windows.Forms.ButtonBase.OnMouseEnter(EventArgs eventargs)
   在 System.Windows.Forms.Control.WndProc(Message& m)
   在 System.Windows.Forms.ButtonBase.WndProc(Message& m)
   在 System.Windows.Forms.Button.WndProc(Message& m)
   在 System.Windows.Forms.NativeWindow.Callback(IntPtr hWnd, Int32 msg, IntPtr wparam, IntPtr lparam)

[2026-02-13 01:49:19] 未处理异常(ThreadException)
System.Management.Automation.RuntimeException: 方法调用失败，因为 [System.Object[]] 不包含名为“op_Subtraction”的方法。
   在 System.Management.Automation.ExceptionHandlingOps.CheckActionPreference(FunctionContext funcContext, Exception exception)
   在 System.Management.Automation.Interpreter.ActionCallInstruction`2.Run(InterpretedFrame frame)
   在 System.Management.Automation.Interpreter.EnterTryCatchFinallyInstruction.Run(InterpretedFrame frame)
   在 System.Management.Automation.Interpreter.EnterTryCatchFinallyInstruction.Run(InterpretedFrame frame)
   在 System.Management.Automation.Interpreter.Interpreter.Run(InterpretedFrame frame)
   在 System.Management.Automation.Interpreter.LightLambda.RunVoid1[T0](T0 arg0)
   在 System.Management.Automation.ScriptBlock.InvokeWithPipeImpl(ScriptBlockClauseToInvoke clauseToInvoke, Boolean createLocalScope, Dictionary`2 functionsToDefine, List`1 variablesToDefine, ErrorHandlingBehavior errorHandlingBehavior, Object dollarUnder, Object input, Object scriptThis, Pipe outputPipe, InvocationInfo invocationInfo, Object[] args)
   在 System.Management.Automation.ScriptBlock.<>c__DisplayClass57_0.<InvokeWithPipe>b__0()
   在 System.Management.Automation.Runspaces.RunspaceBase.RunActionIfNoRunningPipelinesWithThreadCheck(Action action)
   在 System.Management.Automation.ScriptBlock.InvokeWithPipe(Boolean useLocalScope, ErrorHandlingBehavior errorHandlingBehavior, Object dollarUnder, Object input, Object scriptThis, Pipe outputPipe, InvocationInfo invocationInfo, Boolean propagateAllExceptionsToTop, List`1 variablesToDefine, Dictionary`2 functionsToDefine, Object[] args)
   在 System.Management.Automation.ScriptBlock.InvokeAsDelegateHelper(Object dollarUnder, Object dollarThis, Object[] args)
   在 System.Windows.Forms.Control.OnMouseEnter(EventArgs e)
   在 System.Windows.Forms.ButtonBase.OnMouseEnter(EventArgs eventargs)
   在 System.Windows.Forms.Control.WndProc(Message& m)
   在 System.Windows.Forms.ButtonBase.WndProc(Message& m)
   在 System.Windows.Forms.Button.WndProc(Message& m)
   在 System.Windows.Forms.NativeWindow.Callback(IntPtr hWnd, Int32 msg, IntPtr wparam, IntPtr lparam)

[2026-02-13 01:49:24] 未处理异常(ThreadException)
System.Management.Automation.RuntimeException: 方法调用失败，因为 [System.Object[]] 不包含名为“op_Subtraction”的方法。
   在 System.Management.Automation.ExceptionHandlingOps.CheckActionPreference(FunctionContext funcContext, Exception exception)
   在 System.Management.Automation.Interpreter.ActionCallInstruction`2.Run(InterpretedFrame frame)
   在 System.Management.Automation.Interpreter.EnterTryCatchFinallyInstruction.Run(InterpretedFrame frame)
   在 System.Management.Automation.Interpreter.EnterTryCatchFinallyInstruction.Run(InterpretedFrame frame)
   在 System.Management.Automation.Interpreter.Interpreter.Run(InterpretedFrame frame)
   在 System.Management.Automation.Interpreter.LightLambda.RunVoid1[T0](T0 arg0)
   在 System.Management.Automation.ScriptBlock.InvokeWithPipeImpl(ScriptBlockClauseToInvoke clauseToInvoke, Boolean createLocalScope, Dictionary`2 functionsToDefine, List`1 variablesToDefine, ErrorHandlingBehavior errorHandlingBehavior, Object dollarUnder, Object input, Object scriptThis, Pipe outputPipe, InvocationInfo invocationInfo, Object[] args)
   在 System.Management.Automation.ScriptBlock.<>c__DisplayClass57_0.<InvokeWithPipe>b__0()
   在 System.Management.Automation.Runspaces.RunspaceBase.RunActionIfNoRunningPipelinesWithThreadCheck(Action action)
   在 System.Management.Automation.ScriptBlock.InvokeWithPipe(Boolean useLocalScope, ErrorHandlingBehavior errorHandlingBehavior, Object dollarUnder, Object input, Object scriptThis, Pipe outputPipe, InvocationInfo invocationInfo, Boolean propagateAllExceptionsToTop, List`1 variablesToDefine, Dictionary`2 functionsToDefine, Object[] args)
   在 System.Management.Automation.ScriptBlock.InvokeAsDelegateHelper(Object dollarUnder, Object dollarThis, Object[] args)
   在 System.Windows.Forms.Control.OnMouseEnter(EventArgs e)
   在 System.Windows.Forms.ButtonBase.OnMouseEnter(EventArgs eventargs)
   在 System.Windows.Forms.Control.WndProc(Message& m)
   在 System.Windows.Forms.ButtonBase.WndProc(Message& m)
   在 System.Windows.Forms.Button.WndProc(Message& m)
   在 System.Windows.Forms.NativeWindow.Callback(IntPtr hWnd, Int32 msg, IntPtr wparam, IntPtr lparam)

[2026-02-13 01:49:25] 未处理异常(ThreadException)
System.Management.Automation.RuntimeException: 方法调用失败，因为 [System.Object[]] 不包含名为“op_Subtraction”的方法。
   在 System.Management.Automation.ExceptionHandlingOps.CheckActionPreference(FunctionContext funcContext, Exception exception)
   在 System.Management.Automation.Interpreter.ActionCallInstruction`2.Run(InterpretedFrame frame)
   在 System.Management.Automation.Interpreter.EnterTryCatchFinallyInstruction.Run(InterpretedFrame frame)
   在 System.Management.Automation.Interpreter.EnterTryCatchFinallyInstruction.Run(InterpretedFrame frame)
   在 System.Management.Automation.Interpreter.Interpreter.Run(InterpretedFrame frame)
   在 System.Management.Automation.Interpreter.LightLambda.RunVoid1[T0](T0 arg0)
   在 System.Management.Automation.ScriptBlock.InvokeWithPipeImpl(ScriptBlockClauseToInvoke clauseToInvoke, Boolean createLocalScope, Dictionary`2 functionsToDefine, List`1 variablesToDefine, ErrorHandlingBehavior errorHandlingBehavior, Object dollarUnder, Object input, Object scriptThis, Pipe outputPipe, InvocationInfo invocationInfo, Object[] args)
   在 System.Management.Automation.ScriptBlock.<>c__DisplayClass57_0.<InvokeWithPipe>b__0()
   在 System.Management.Automation.Runspaces.RunspaceBase.RunActionIfNoRunningPipelinesWithThreadCheck(Action action)
   在 System.Management.Automation.ScriptBlock.InvokeWithPipe(Boolean useLocalScope, ErrorHandlingBehavior errorHandlingBehavior, Object dollarUnder, Object input, Object scriptThis, Pipe outputPipe, InvocationInfo invocationInfo, Boolean propagateAllExceptionsToTop, List`1 variablesToDefine, Dictionary`2 functionsToDefine, Object[] args)
   在 System.Management.Automation.ScriptBlock.InvokeAsDelegateHelper(Object dollarUnder, Object dollarThis, Object[] args)
   在 System.Windows.Forms.Control.OnMouseEnter(EventArgs e)
   在 System.Windows.Forms.ButtonBase.OnMouseEnter(EventArgs eventargs)
   在 System.Windows.Forms.Control.WndProc(Message& m)
   在 System.Windows.Forms.ButtonBase.WndProc(Message& m)
   在 System.Windows.Forms.Button.WndProc(Message& m)
   在 System.Windows.Forms.NativeWindow.Callback(IntPtr hWnd, Int32 msg, IntPtr wparam, IntPtr lparam)

[2026-02-13 01:49:31] 未处理异常(ThreadException)
System.Management.Automation.RuntimeException: 方法调用失败，因为 [System.Object[]] 不包含名为“op_Subtraction”的方法。
   在 System.Management.Automation.ExceptionHandlingOps.CheckActionPreference(FunctionContext funcContext, Exception exception)
   在 System.Management.Automation.Interpreter.ActionCallInstruction`2.Run(InterpretedFrame frame)
   在 System.Management.Automation.Interpreter.EnterTryCatchFinallyInstruction.Run(InterpretedFrame frame)
   在 System.Management.Automation.Interpreter.EnterTryCatchFinallyInstruction.Run(InterpretedFrame frame)
   在 System.Management.Automation.Interpreter.Interpreter.Run(InterpretedFrame frame)
   在 System.Management.Automation.Interpreter.LightLambda.RunVoid1[T0](T0 arg0)
   在 System.Management.Automation.ScriptBlock.InvokeWithPipeImpl(ScriptBlockClauseToInvoke clauseToInvoke, Boolean createLocalScope, Dictionary`2 functionsToDefine, List`1 variablesToDefine, ErrorHandlingBehavior errorHandlingBehavior, Object dollarUnder, Object input, Object scriptThis, Pipe outputPipe, InvocationInfo invocationInfo, Object[] args)
   在 System.Management.Automation.ScriptBlock.<>c__DisplayClass57_0.<InvokeWithPipe>b__0()
   在 System.Management.Automation.Runspaces.RunspaceBase.RunActionIfNoRunningPipelinesWithThreadCheck(Action action)
   在 System.Management.Automation.ScriptBlock.InvokeWithPipe(Boolean useLocalScope, ErrorHandlingBehavior errorHandlingBehavior, Object dollarUnder, Object input, Object scriptThis, Pipe outputPipe, InvocationInfo invocationInfo, Boolean propagateAllExceptionsToTop, List`1 variablesToDefine, Dictionary`2 functionsToDefine, Object[] args)
   在 System.Management.Automation.ScriptBlock.InvokeAsDelegateHelper(Object dollarUnder, Object dollarThis, Object[] args)
   在 System.Windows.Forms.Control.OnMouseEnter(EventArgs e)
   在 System.Windows.Forms.ButtonBase.OnMouseEnter(EventArgs eventargs)
   在 System.Windows.Forms.Control.WndProc(Message& m)
   在 System.Windows.Forms.ButtonBase.WndProc(Message& m)
   在 System.Windows.Forms.Button.WndProc(Message& m)
   在 System.Windows.Forms.NativeWindow.Callback(IntPtr hWnd, Int32 msg, IntPtr wparam, IntPtr lparam)

[2026-02-13 01:49:32] 未处理异常(ThreadException)
System.Management.Automation.RuntimeException: 方法调用失败，因为 [System.Object[]] 不包含名为“op_Subtraction”的方法。
   在 System.Management.Automation.ExceptionHandlingOps.CheckActionPreference(FunctionContext funcContext, Exception exception)
   在 System.Management.Automation.Interpreter.ActionCallInstruction`2.Run(InterpretedFrame frame)
   在 System.Management.Automation.Interpreter.EnterTryCatchFinallyInstruction.Run(InterpretedFrame frame)
   在 System.Management.Automation.Interpreter.EnterTryCatchFinallyInstruction.Run(InterpretedFrame frame)
   在 System.Management.Automation.Interpreter.Interpreter.Run(InterpretedFrame frame)
   在 System.Management.Automation.Interpreter.LightLambda.RunVoid1[T0](T0 arg0)
   在 System.Management.Automation.ScriptBlock.InvokeWithPipeImpl(ScriptBlockClauseToInvoke clauseToInvoke, Boolean createLocalScope, Dictionary`2 functionsToDefine, List`1 variablesToDefine, ErrorHandlingBehavior errorHandlingBehavior, Object dollarUnder, Object input, Object scriptThis, Pipe outputPipe, InvocationInfo invocationInfo, Object[] args)
   在 System.Management.Automation.ScriptBlock.<>c__DisplayClass57_0.<InvokeWithPipe>b__0()
   在 System.Management.Automation.Runspaces.RunspaceBase.RunActionIfNoRunningPipelinesWithThreadCheck(Action action)
   在 System.Management.Automation.ScriptBlock.InvokeWithPipe(Boolean useLocalScope, ErrorHandlingBehavior errorHandlingBehavior, Object dollarUnder, Object input, Object scriptThis, Pipe outputPipe, InvocationInfo invocationInfo, Boolean propagateAllExceptionsToTop, List`1 variablesToDefine, Dictionary`2 functionsToDefine, Object[] args)
   在 System.Management.Automation.ScriptBlock.InvokeAsDelegateHelper(Object dollarUnder, Object dollarThis, Object[] args)
   在 System.Windows.Forms.Control.OnMouseEnter(EventArgs e)
   在 System.Windows.Forms.ButtonBase.OnMouseEnter(EventArgs eventargs)
   在 System.Windows.Forms.Control.WndProc(Message& m)
   在 System.Windows.Forms.ButtonBase.WndProc(Message& m)
   在 System.Windows.Forms.Button.WndProc(Message& m)
   在 System.Windows.Forms.NativeWindow.Callback(IntPtr hWnd, Int32 msg, IntPtr wparam, IntPtr lparam)

